<?xml version="1.0" encoding="UTF-8"?>
<testsuite xmlns:xsi="http://www.w3.org/2001/XMLSchema-instance" xsi:schemaLocation="https://maven.apache.org/surefire/maven-surefire-plugin/xsd/surefire-test-report.xsd" name="encoretickets.tests.CheckOutTest" time="20.711" tests="3" errors="0" skipped="2" failures="1">
  <properties>
[...]
</properties>
  <testcase name="setUp" classname="encoretickets.tests.CheckOutTest" time="20.595">
    <failure message="Could not start a new session. Possible causes are invalid address of the remote server or browser start-up failure." type="org.openqa.selenium.SessionNotCreatedException">org.openqa.selenium.SessionNotCreatedException: Could not start a new session. Possible causes are invalid address of the remote server or browser start-up failure.
	at encoretickets.tests.CheckOutTest.setUp(CheckOutTest.java:24)
Caused by: org.openqa.selenium.WebDriverException: 
Driver server process died prematurely.
Build info: version: '4.1.3', revision: '7b1ebf28ef'
System info: host: 'C02TN1QSG8WL', ip: '2a02:c7f:ec28:3800:1165:37a1:d1fe:3046%en0', os.name: 'Mac OS X', os.arch: 'x86_64', os.version: '11.6.1', java.version: '18'
Driver info: driver.version: ChromeDriver
	at encoretickets.tests.CheckOutTest.setUp(CheckOutTest.java:24)
</failure>
    <system-err><![CDATA[SLF4J: Failed to load class "org.slf4j.impl.StaticLoggerBinder".
SLF4J: Defaulting to no-operation (NOP) logger implementation
SLF4J: See http://www.slf4j.org/codes.html#StaticLoggerBinder for further details.
ERROR StatusLogger Log4j2 could not find a logging implementation. Please add log4j-core to the classpath. Using SimpleLogger to log to the console...
]]></system-err>
  </testcase>
  <testcase name="searchText" classname="encoretickets.tests.CheckOutTest" time="0">
    <skipped/>
  </testcase>
  <testcase name="tearDown" classname="encoretickets.tests.CheckOutTest" time="0">
    <skipped/>
  </testcase>
</testsuite>