<?xml version="1.0" encoding="UTF-8"?>
<!-- Generated by org.testng.reporters.JUnitXMLReporter -->
<testsuite ignored="0" hostname="C02TN1QSG8WL" failures="0" tests="1" name="Command line test" time="0.041" errors="0" timestamp="2022-04-17T22:06:27 BST">
  <testcase classname="encoretickets.tests.CheckOutTest" name="@BeforeMethod setUp" time="0.005">
    <failure type="java.lang.NullPointerException" message="Cannot invoke &amp;quot;String.equals(Object)&amp;quot; because &amp;quot;browserName&amp;quot; is null">
      <![CDATA[java.lang.NullPointerException: Cannot invoke "String.equals(Object)" because "browserName" is null
at encoretickets.base.Base.init(Base.java:34)
at encoretickets.tests.CheckOutTest.setUp(CheckOutTest.java:28)
at java.base/java.util.ArrayList.forEach(ArrayList.java:1511)
... Removed 36 stack frames]]>
    </failure>
  </testcase> <!-- @BeforeMethod setUp -->
  <testcase classname="encoretickets.tests.CheckOutTest" name="@AfterMethod tearDown" time="0.0">
    <skipped/>
  </testcase> <!-- @AfterMethod tearDown -->
  <testcase classname="encoretickets.tests.CheckOutTest" name="searchText" time="0.0">
    <skipped/>
  </testcase> <!-- searchText -->
</testsuite> <!-- Command line test -->
